<?xml version="1.0" encoding="UTF-8"?>
<!-- Generated by org.testng.reporters.JUnitReportReporter -->
<testsuite hostname="DESKTOP-BF6ECTL" failures="0" tests="1" name="driverFactory.DriverScriptPOM" time="45.142" errors="0" timestamp="2022-12-30T21:31:27 IST" skipped="0">
  <testcase classname="driverFactory.DriverScriptPOM" name="starttest" time="45.142"/>
  <system-out>
    <![CDATA[no of rows are::11
Emplyoyee added succefully7683      7683
Emplyoyee added succefully7684      7684
Emplyoyee added succefully7685      7685
Emplyoyee added succefully7686      7686
Emplyoyee added succefully7687      7687
Emplyoyee added succefully7688      7688
Emplyoyee added succefully7689      7689
Emplyoyee added succefully7690      7690
Emplyoyee added succefully7691      7691
Emplyoyee added succefully7692      7692
Emplyoyee added succefully7693      7693]]>
  </system-out>
</testsuite> <!-- driverFactory.DriverScriptPOM -->
