<?xml version="1.0" encoding="UTF-8"?>
<!-- Generated by org.testng.reporters.JUnitReportReporter -->
<testsuite hostname="DESKTOP-BF6ECTL" failures="0" tests="1" name="driverFactory.DriverScript" time="23.098" errors="0" timestamp="2022-12-30T21:23:43 IST" skipped="0">
  <testcase classname="driverFactory.DriverScript" name="startTest" time="23.098"/>
  <system-out>
    <![CDATA[No.of rows in sheet::11
login successful::dashboard    http://orangehrm.qedgetech.com/symfony/web/index.php/dashboard
Invalid credentials   dashboard   http://orangehrm.qedgetech.com/symfony/web/index.php/auth/validateCredentials    
Username cannot be empty   dashboard   http://orangehrm.qedgetech.com/symfony/web/index.php/auth/login    
Invalid credentials   dashboard   http://orangehrm.qedgetech.com/symfony/web/index.php/auth/validateCredentials    
Password cannot be empty   dashboard   http://orangehrm.qedgetech.com/symfony/web/index.php/auth/login    
login successful::dashboard    http://orangehrm.qedgetech.com/symfony/web/index.php/dashboard
Username cannot be empty   dashboard   http://orangehrm.qedgetech.com/symfony/web/index.php/auth/login    
Invalid credentials   dashboard   http://orangehrm.qedgetech.com/symfony/web/index.php/auth/validateCredentials    
Invalid credentials   dashboard   http://orangehrm.qedgetech.com/symfony/web/index.php/auth/validateCredentials    
login successful::dashboard    http://orangehrm.qedgetech.com/symfony/web/index.php/dashboard]]>
  </system-out>
</testsuite> <!-- driverFactory.DriverScript -->
